<?xml version="1.0" encoding="UTF-8"?>
<testng-results ignored="0" total="2" passed="2" failed="0" skipped="0">
  <reporter-output>
  </reporter-output>
  <suite started-at="2024-12-29T23:51:34 IST" name="Demo Suite" finished-at="2024-12-29T23:52:29 IST" duration-ms="55366">
    <groups>
    </groups>
    <test started-at="2024-12-29T23:51:34 IST" name="Demo Test" finished-at="2024-12-29T23:52:29 IST" duration-ms="55366">
      <class name="testcases.MyfirstTestCaseFW">
        <test-method is-config="true" signature="setUp()[pri:0, instance:testcases.MyfirstTestCaseFW@7eac9008]" started-at="2024-12-29T23:51:34 IST" name="setUp" finished-at="2024-12-29T23:51:41 IST" duration-ms="7175" status="PASS">
          <reporter-output>
          </reporter-output>
        </test-method> <!-- setUp -->
        <test-method signature="LoginTest(java.lang.String,java.lang.String)[pri:0, instance:testcases.MyfirstTestCaseFW@7eac9008]" started-at="2024-12-29T23:51:41 IST" name="LoginTest" data-provider="testdata" finished-at="2024-12-29T23:52:02 IST" duration-ms="21177" status="PASS">
          <params>
            <param index="0">
              <value>
                <![CDATA[Sanjeev07feb@gmail.com]]>
              </value>
            </param>
            <param index="1">
              <value>
                <![CDATA[Zoho@0702]]>
              </value>
            </param>
          </params>
          <reporter-output>
          </reporter-output>
        </test-method> <!-- LoginTest -->
        <test-method is-config="true" signature="tearDown()[pri:0, instance:testcases.MyfirstTestCaseFW@7eac9008]" started-at="2024-12-29T23:52:02 IST" name="tearDown" finished-at="2024-12-29T23:52:02 IST" duration-ms="126" status="PASS">
          <reporter-output>
          </reporter-output>
        </test-method> <!-- tearDown -->
        <test-method is-config="true" signature="setUp()[pri:0, instance:testcases.MyfirstTestCaseFW@7eac9008]" started-at="2024-12-29T23:52:02 IST" name="setUp" finished-at="2024-12-29T23:52:08 IST" duration-ms="5460" status="PASS">
          <reporter-output>
          </reporter-output>
        </test-method> <!-- setUp -->
        <test-method signature="LoginTest(java.lang.String,java.lang.String)[pri:0, instance:testcases.MyfirstTestCaseFW@7eac9008]" started-at="2024-12-29T23:52:08 IST" name="LoginTest" data-provider="testdata" finished-at="2024-12-29T23:52:29 IST" duration-ms="21258" status="PASS">
          <params>
            <param index="0">
              <value>
                <![CDATA[Sanjeev07feb@gmail.com]]>
              </value>
            </param>
            <param index="1">
              <value>
                <![CDATA[Zoho0702]]>
              </value>
            </param>
          </params>
          <reporter-output>
          </reporter-output>
        </test-method> <!-- LoginTest -->
        <test-method is-config="true" signature="tearDown()[pri:0, instance:testcases.MyfirstTestCaseFW@7eac9008]" started-at="2024-12-29T23:52:29 IST" name="tearDown" finished-at="2024-12-29T23:52:29 IST" duration-ms="109" status="PASS">
          <reporter-output>
          </reporter-output>
        </test-method> <!-- tearDown -->
      </class> <!-- testcases.MyfirstTestCaseFW -->
    </test> <!-- Demo Test -->
  </suite> <!-- Demo Suite -->
</testng-results>
